<?xml version="1.0" encoding="UTF-8"?>
<!-- Generated by org.testng.reporters.JUnitReportReporter -->
<testsuite hostname="TYSS-Vadde-Vannur" failures="0" tests="1" name="com.crm.testscript.CreateCustomerTest" time="19.330" errors="0" timestamp="2023-03-19T11:11:25 IST" skipped="0">
  <testcase classname="com.crm.testscript.CreateCustomerTest" name="createCustomerTest" time="19.330"/>
  <system-out>
    <![CDATA[onTestStart
onTestSuccess]]>
  </system-out>
</testsuite> <!-- com.crm.testscript.CreateCustomerTest -->
